2015-01-12 18:08:09 - 'Pr$attributes:Array
(
    [0] => 2-4
    [1] => 4-16GB
)
'
2015-01-12 18:12:50 - 'Pr$attributes:Array
(
    [0] => 4-16GB
    [1] => 3-100mhz
    [2] => 4-8gb
    [3] => 2-1
    [4] => 2-4
    [5] => 3-Текст 123
)
'
2015-01-12 18:20:54 - 'Product_model:Array
(
    [filter_category_id] => 20
    [filter_filter] => 
    [sort] => p.sort_order
    [order] => ASC
    [start] => 0
    [limit] => 5
)
'
2015-01-12 18:23:58 - 'Product_model:Array
(
    [filter_category_id] => 20
    [filter_filter] => 
    [sort] => p.sort_order
    [order] => ASC
    [start] => 0
    [limit] => 5
)
'
